Selecting devices from the following list:
------------------------------------------------------------------------------
/dev/input/event0 : Power Button
/dev/input/event1 : Lid Switch
/dev/input/event10: Video Bus
/dev/input/event11: PC Speaker
/dev/input/event12: ThinkPad Extra Buttons
/dev/input/event13: HD-Audio Generic HDMI/DP,pcm=3
/dev/input/event14: HD-Audio Generic HDMI/DP,pcm=7
/dev/input/event15: HD-Audio Generic HDMI/DP,pcm=8
/dev/input/event16: SynPS/2 Synaptics TouchPad
/dev/input/event17: TPPS/2 Elan TrackPoint
/dev/input/event18: HD-Audio Generic Mic
/dev/input/event19: HD-Audio Generic Headphone
/dev/input/event2 : Sleep Button
/dev/input/event20: Integrated Camera: Integrated C
/dev/input/event22: SEMICO USB Keyboard
/dev/input/event23: SEMICO USB Keyboard Consumer Control
/dev/input/event24: SEMICO USB Keyboard System Control
/dev/input/event25: xremap pid=14506
/dev/input/event3 : Power Button
/dev/input/event4 : AT Translated Set 2 keyboard
/dev/input/event5 : Compx 2.4G Receiver
/dev/input/event6 : Compx 2.4G Receiver Mouse
/dev/input/event7 : Compx 2.4G Receiver
/dev/input/event8 : Compx 2.4G Receiver Consumer Control
/dev/input/event9 : Compx 2.4G Receiver System Control
------------------------------------------------------------------------------
Selected keyboards automatically since --device options weren't specified:
------------------------------------------------------------------------------
/dev/input/event22: SEMICO USB Keyboard
/dev/input/event4 : AT Translated Set 2 keyboard
/dev/input/event5 : Compx 2.4G Receiver
------------------------------------------------------------------------------
Selecting devices from the following list:
------------------------------------------------------------------------------
/dev/input/event0 : Power Button
/dev/input/event1 : Lid Switch
/dev/input/event10: Video Bus
/dev/input/event11: PC Speaker
/dev/input/event12: ThinkPad Extra Buttons
/dev/input/event13: HD-Audio Generic HDMI/DP,pcm=3
/dev/input/event14: HD-Audio Generic HDMI/DP,pcm=7
/dev/input/event15: HD-Audio Generic HDMI/DP,pcm=8
/dev/input/event16: SynPS/2 Synaptics TouchPad
/dev/input/event17: TPPS/2 Elan TrackPoint
/dev/input/event18: HD-Audio Generic Mic
/dev/input/event19: HD-Audio Generic Headphone
/dev/input/event2 : Sleep Button
/dev/input/event20: Integrated Camera: Integrated C
/dev/input/event21: xremap pid=18560
/dev/input/event22: SEMICO USB Keyboard
/dev/input/event23: SEMICO USB Keyboard Consumer Control
/dev/input/event24: SEMICO USB Keyboard System Control
/dev/input/event25: xremap pid=14506
/dev/input/event3 : Power Button
/dev/input/event4 : AT Translated Set 2 keyboard
/dev/input/event5 : Compx 2.4G Receiver
/dev/input/event6 : Compx 2.4G Receiver Mouse
/dev/input/event7 : Compx 2.4G Receiver
/dev/input/event8 : Compx 2.4G Receiver Consumer Control
/dev/input/event9 : Compx 2.4G Receiver System Control
------------------------------------------------------------------------------
Selected keyboards automatically since --device options weren't specified:
Failed to grab device 'SEMICO USB Keyboard' at '/dev/input/event22' due to: Resource busy (os error 16)
Failed to grab device 'AT Translated Set 2 keyboard' at '/dev/input/event4' due to: Resource busy (os error 16)
Failed to grab device 'Compx 2.4G Receiver' at '/dev/input/event5' due to: Resource busy (os error 16)
------------------------------------------------------------------------------
Error: Failed to prepare input devices: No device was selected!
Selecting devices from the following list:
------------------------------------------------------------------------------
/dev/input/event0 : Power Button
/dev/input/event1 : Lid Switch
/dev/input/event10: Compx 2.4G Receiver
/dev/input/event11: Compx 2.4G Receiver Consumer Control
/dev/input/event12: Compx 2.4G Receiver System Control
/dev/input/event13: Video Bus
/dev/input/event14: PC Speaker
/dev/input/event15: ThinkPad Extra Buttons
/dev/input/event16: HD-Audio Generic Mic
/dev/input/event17: HD-Audio Generic Headphone
/dev/input/event18: HD-Audio Generic HDMI/DP,pcm=3
/dev/input/event19: HD-Audio Generic HDMI/DP,pcm=7
/dev/input/event2 : Sleep Button
/dev/input/event20: HD-Audio Generic HDMI/DP,pcm=8
/dev/input/event21: SynPS/2 Synaptics TouchPad
/dev/input/event22: TPPS/2 Elan TrackPoint
/dev/input/event23: Integrated Camera: Integrated C
/dev/input/event3 : Power Button
/dev/input/event4 : AT Translated Set 2 keyboard
/dev/input/event5 : SEMICO USB Keyboard
/dev/input/event6 : SEMICO USB Keyboard Consumer Control
/dev/input/event7 : SEMICO USB Keyboard System Control
/dev/input/event8 : Compx 2.4G Receiver
/dev/input/event9 : Compx 2.4G Receiver Mouse
------------------------------------------------------------------------------
Selected keyboards automatically since --device options weren't specified:
------------------------------------------------------------------------------
/dev/input/event4 : AT Translated Set 2 keyboard
/dev/input/event5 : SEMICO USB Keyboard
/dev/input/event8 : Compx 2.4G Receiver
------------------------------------------------------------------------------
Selecting devices from the following list:
------------------------------------------------------------------------------
/dev/input/event0 : Power Button
/dev/input/event1 : Lid Switch
/dev/input/event10: Compx 2.4G Receiver
/dev/input/event11: Compx 2.4G Receiver Consumer Control
/dev/input/event12: Compx 2.4G Receiver System Control
/dev/input/event13: Video Bus
/dev/input/event14: ThinkPad Extra Buttons
/dev/input/event15: PC Speaker
/dev/input/event16: HD-Audio Generic HDMI/DP,pcm=3
/dev/input/event17: HD-Audio Generic HDMI/DP,pcm=7
/dev/input/event18: HD-Audio Generic HDMI/DP,pcm=8
/dev/input/event19: HD-Audio Generic Mic
/dev/input/event2 : Sleep Button
/dev/input/event20: HD-Audio Generic Headphone
/dev/input/event21: SynPS/2 Synaptics TouchPad
/dev/input/event22: Integrated Camera: Integrated C
/dev/input/event3 : Power Button
/dev/input/event4 : AT Translated Set 2 keyboard
/dev/input/event5 : SEMICO USB Keyboard
/dev/input/event6 : SEMICO USB Keyboard Consumer Control
/dev/input/event7 : SEMICO USB Keyboard System Control
/dev/input/event8 : Compx 2.4G Receiver
/dev/input/event9 : Compx 2.4G Receiver Mouse
------------------------------------------------------------------------------
Selected keyboards automatically since --device options weren't specified:
------------------------------------------------------------------------------
/dev/input/event4 : AT Translated Set 2 keyboard
/dev/input/event5 : SEMICO USB Keyboard
/dev/input/event8 : Compx 2.4G Receiver
------------------------------------------------------------------------------
Selecting devices from the following list:
------------------------------------------------------------------------------
/dev/input/event0 : Power Button
/dev/input/event1 : Lid Switch
/dev/input/event10: Compx 2.4G Receiver
/dev/input/event11: Compx 2.4G Receiver Consumer Control
/dev/input/event12: Compx 2.4G Receiver System Control
/dev/input/event13: Video Bus
/dev/input/event14: PC Speaker
/dev/input/event15: ThinkPad Extra Buttons
/dev/input/event16: SynPS/2 Synaptics TouchPad
/dev/input/event17: TPPS/2 Elan TrackPoint
/dev/input/event18: HD-Audio Generic HDMI/DP,pcm=3
/dev/input/event19: HD-Audio Generic HDMI/DP,pcm=7
/dev/input/event2 : Sleep Button
/dev/input/event20: HD-Audio Generic HDMI/DP,pcm=8
/dev/input/event21: HD-Audio Generic Mic
/dev/input/event22: HD-Audio Generic Headphone
/dev/input/event23: Integrated Camera: Integrated C
/dev/input/event3 : Power Button
/dev/input/event4 : AT Translated Set 2 keyboard
/dev/input/event5 : SEMICO USB Keyboard
/dev/input/event6 : SEMICO USB Keyboard Consumer Control
/dev/input/event7 : SEMICO USB Keyboard System Control
/dev/input/event8 : Compx 2.4G Receiver
/dev/input/event9 : Compx 2.4G Receiver Mouse
------------------------------------------------------------------------------
Selected keyboards automatically since --device options weren't specified:
------------------------------------------------------------------------------
/dev/input/event4 : AT Translated Set 2 keyboard
/dev/input/event5 : SEMICO USB Keyboard
/dev/input/event8 : Compx 2.4G Receiver
------------------------------------------------------------------------------
Found a removed device. Reselecting devices.
Failed to ungrab device 'Compx 2.4G Receiver' at '/dev/input/event8' due to: No such device (os error 19)
Selecting devices from the following list:
------------------------------------------------------------------------------
/dev/input/event0 : Power Button
/dev/input/event1 : Lid Switch
/dev/input/event11: Compx 2.4G Receiver Consumer Control
/dev/input/event12: Compx 2.4G Receiver System Control
/dev/input/event13: Video Bus
/dev/input/event14: PC Speaker
/dev/input/event15: ThinkPad Extra Buttons
/dev/input/event16: SynPS/2 Synaptics TouchPad
/dev/input/event17: TPPS/2 Elan TrackPoint
/dev/input/event18: HD-Audio Generic HDMI/DP,pcm=3
/dev/input/event19: HD-Audio Generic HDMI/DP,pcm=7
/dev/input/event2 : Sleep Button
/dev/input/event20: HD-Audio Generic HDMI/DP,pcm=8
/dev/input/event21: HD-Audio Generic Mic
/dev/input/event22: HD-Audio Generic Headphone
/dev/input/event23: Integrated Camera: Integrated C
/dev/input/event24: xremap pid=2573
/dev/input/event3 : Power Button
/dev/input/event4 : AT Translated Set 2 keyboard
/dev/input/event5 : SEMICO USB Keyboard
/dev/input/event6 : SEMICO USB Keyboard Consumer Control
/dev/input/event7 : SEMICO USB Keyboard System Control
------------------------------------------------------------------------------
Selected keyboards automatically since --device options weren't specified:
------------------------------------------------------------------------------
/dev/input/event4 : AT Translated Set 2 keyboard
/dev/input/event5 : SEMICO USB Keyboard
------------------------------------------------------------------------------
/dev/input/event8 : COMPANY 2.4G Device
Failed to grab device 'COMPANY 2.4G Device' at '/dev/input/event8' due to: Resource busy (os error 16)
/dev/input/event10: COMPANY 2.4G Device Keyboard
Failed to grab device 'COMPANY 2.4G Device Keyboard' at '/dev/input/event10' due to: Resource busy (os error 16)
Failed to grab device 'COMPANY 2.4G Device' at '/dev/input/event8' due to: Resource busy (os error 16)
Failed to grab device 'COMPANY 2.4G Device' at '/dev/input/event8' due to: Resource busy (os error 16)
Failed to grab device 'COMPANY 2.4G Device Keyboard' at '/dev/input/event10' due to: Resource busy (os error 16)
Failed to grab device 'COMPANY 2.4G Device Keyboard' at '/dev/input/event10' due to: Resource busy (os error 16)
Found a removed device. Reselecting devices.
Failed to ungrab device 'COMPANY 2.4G Device' at '/dev/input/event8' due to: No such device (os error 19)
Selecting devices from the following list:
------------------------------------------------------------------------------
/dev/input/event0 : Power Button
/dev/input/event1 : Lid Switch
/dev/input/event10: COMPANY 2.4G Device Keyboard
/dev/input/event11: COMPANY 2.4G Device
/dev/input/event13: Video Bus
/dev/input/event14: PC Speaker
/dev/input/event15: ThinkPad Extra Buttons
/dev/input/event16: SynPS/2 Synaptics TouchPad
/dev/input/event17: TPPS/2 Elan TrackPoint
/dev/input/event18: HD-Audio Generic HDMI/DP,pcm=3
/dev/input/event19: HD-Audio Generic HDMI/DP,pcm=7
/dev/input/event2 : Sleep Button
/dev/input/event20: HD-Audio Generic HDMI/DP,pcm=8
/dev/input/event21: HD-Audio Generic Mic
/dev/input/event22: HD-Audio Generic Headphone
/dev/input/event23: Integrated Camera: Integrated C
/dev/input/event24: xremap pid=2573
/dev/input/event3 : Power Button
/dev/input/event4 : AT Translated Set 2 keyboard
/dev/input/event5 : SEMICO USB Keyboard
/dev/input/event6 : SEMICO USB Keyboard Consumer Control
/dev/input/event7 : SEMICO USB Keyboard System Control
------------------------------------------------------------------------------
Selected keyboards automatically since --device options weren't specified:
Failed to grab device 'COMPANY 2.4G Device Keyboard' at '/dev/input/event10' due to: No such device (os error 19)
------------------------------------------------------------------------------
/dev/input/event4 : AT Translated Set 2 keyboard
/dev/input/event5 : SEMICO USB Keyboard
------------------------------------------------------------------------------
/dev/input/event8 : COMPANY 2.4G Device
Failed to grab device 'COMPANY 2.4G Device' at '/dev/input/event8' due to: Resource busy (os error 16)
/dev/input/event10: COMPANY 2.4G Device Keyboard
Failed to grab device 'COMPANY 2.4G Device Keyboard' at '/dev/input/event10' due to: Resource busy (os error 16)
Failed to grab device 'COMPANY 2.4G Device Keyboard' at '/dev/input/event10' due to: Resource busy (os error 16)
Failed to grab device 'COMPANY 2.4G Device Keyboard' at '/dev/input/event10' due to: Resource busy (os error 16)
Failed to grab device 'COMPANY 2.4G Device' at '/dev/input/event8' due to: Resource busy (os error 16)
Found a removed device. Reselecting devices.
Failed to ungrab device 'COMPANY 2.4G Device' at '/dev/input/event8' due to: No such device (os error 19)
Selecting devices from the following list:
------------------------------------------------------------------------------
/dev/input/event0 : Power Button
/dev/input/event1 : Lid Switch
/dev/input/event10: COMPANY 2.4G Device Keyboard
/dev/input/event11: COMPANY 2.4G Device
/dev/input/event13: Video Bus
/dev/input/event14: PC Speaker
/dev/input/event15: ThinkPad Extra Buttons
/dev/input/event16: SynPS/2 Synaptics TouchPad
/dev/input/event17: TPPS/2 Elan TrackPoint
/dev/input/event18: HD-Audio Generic HDMI/DP,pcm=3
/dev/input/event19: HD-Audio Generic HDMI/DP,pcm=7
/dev/input/event2 : Sleep Button
/dev/input/event20: HD-Audio Generic HDMI/DP,pcm=8
/dev/input/event21: HD-Audio Generic Mic
/dev/input/event22: HD-Audio Generic Headphone
/dev/input/event23: Integrated Camera: Integrated C
/dev/input/event24: xremap pid=2573
/dev/input/event3 : Power Button
/dev/input/event4 : AT Translated Set 2 keyboard
/dev/input/event5 : SEMICO USB Keyboard
/dev/input/event6 : SEMICO USB Keyboard Consumer Control
/dev/input/event7 : SEMICO USB Keyboard System Control
------------------------------------------------------------------------------
Selected keyboards automatically since --device options weren't specified:
Failed to grab device 'COMPANY 2.4G Device Keyboard' at '/dev/input/event10' due to: No such device (os error 19)
------------------------------------------------------------------------------
/dev/input/event4 : AT Translated Set 2 keyboard
/dev/input/event5 : SEMICO USB Keyboard
------------------------------------------------------------------------------
/dev/input/event8 : COMPANY 2.4G Device
Failed to grab device 'COMPANY 2.4G Device' at '/dev/input/event8' due to: Resource busy (os error 16)
/dev/input/event10: COMPANY 2.4G Device Keyboard
Failed to grab device 'COMPANY 2.4G Device Keyboard' at '/dev/input/event10' due to: Resource busy (os error 16)
Failed to grab device 'COMPANY 2.4G Device Keyboard' at '/dev/input/event10' due to: Resource busy (os error 16)
Failed to grab device 'COMPANY 2.4G Device' at '/dev/input/event8' due to: Resource busy (os error 16)
Selecting devices from the following list:
------------------------------------------------------------------------------
/dev/input/event0 : Power Button
/dev/input/event1 : Lid Switch
/dev/input/event10: PC Speaker
/dev/input/event11: ThinkPad Extra Buttons
Selecting devices from the following list:
/dev/input/event12: HD-Audio Generic HDMI/DP,pcm=3
------------------------------------------------------------------------------
/dev/input/event13: HD-Audio Generic HDMI/DP,pcm=7
/dev/input/event0 : Power Button
/dev/input/event14: HD-Audio Generic HDMI/DP,pcm=8
/dev/input/event1 : Lid Switch
/dev/input/event15: SynPS/2 Synaptics TouchPad
/dev/input/event10: PC Speaker
/dev/input/event16: TPPS/2 Elan TrackPoint
/dev/input/event11: ThinkPad Extra Buttons
/dev/input/event17: HD-Audio Generic Mic
/dev/input/event12: HD-Audio Generic HDMI/DP,pcm=3
/dev/input/event18: HD-Audio Generic Headphone
/dev/input/event13: HD-Audio Generic HDMI/DP,pcm=7
/dev/input/event19: Integrated Camera: Integrated C
/dev/input/event14: HD-Audio Generic HDMI/DP,pcm=8
/dev/input/event2 : Sleep Button
/dev/input/event15: SynPS/2 Synaptics TouchPad
/dev/input/event3 : Power Button
/dev/input/event16: TPPS/2 Elan TrackPoint
/dev/input/event4 : AT Translated Set 2 keyboard
/dev/input/event17: HD-Audio Generic Mic
/dev/input/event5 : dakai
/dev/input/event18: HD-Audio Generic Headphone
/dev/input/event6 : dakai Consumer Control
/dev/input/event19: Integrated Camera: Integrated C
/dev/input/event7 : dakai System Control
/dev/input/event2 : Sleep Button
/dev/input/event8 : dakai Keyboard
/dev/input/event3 : Power Button
/dev/input/event9 : Video Bus
/dev/input/event4 : AT Translated Set 2 keyboard
------------------------------------------------------------------------------
/dev/input/event5 : dakai
/dev/input/event6 : dakai Consumer Control
/dev/input/event7 : dakai System Control
/dev/input/event8 : dakai Keyboard
/dev/input/event9 : Video Bus
------------------------------------------------------------------------------
Selected devices matching ["dakai"]:
Selected devices matching ["AT Translated Set 2 keyboard"]:
------------------------------------------------------------------------------
/dev/input/event5 : dakai
/dev/input/event6 : dakai Consumer Control
/dev/input/event7 : dakai System Control
/dev/input/event8 : dakai Keyboard
------------------------------------------------------------------------------
------------------------------------------------------------------------------
/dev/input/event4 : AT Translated Set 2 keyboard
------------------------------------------------------------------------------
Found a removed device. Reselecting devices.
Failed to ungrab device 'dakai' at '/dev/input/event5' due to: No such device (os error 19)
Selecting devices from the following list:
------------------------------------------------------------------------------
/dev/input/event0 : Power Button
/dev/input/event1 : Lid Switch
/dev/input/event10: PC Speaker
/dev/input/event11: ThinkPad Extra Buttons
/dev/input/event12: HD-Audio Generic HDMI/DP,pcm=3
/dev/input/event13: HD-Audio Generic HDMI/DP,pcm=7
/dev/input/event14: HD-Audio Generic HDMI/DP,pcm=8
/dev/input/event15: SynPS/2 Synaptics TouchPad
/dev/input/event16: TPPS/2 Elan TrackPoint
/dev/input/event17: HD-Audio Generic Mic
/dev/input/event18: HD-Audio Generic Headphone
/dev/input/event19: Integrated Camera: Integrated C
/dev/input/event2 : Sleep Button
/dev/input/event20: xremap pid=2671
/dev/input/event21: xremap pid=2670
/dev/input/event22: Compx 2.4G Receiver
/dev/input/event23: Compx 2.4G Receiver Mouse
/dev/input/event24: Compx 2.4G Receiver
/dev/input/event25: Compx 2.4G Receiver Consumer Control
/dev/input/event26: Compx 2.4G Receiver System Control
/dev/input/event3 : Power Button
/dev/input/event4 : AT Translated Set 2 keyboard
/dev/input/event7 : dakai System Control
/dev/input/event8 : dakai Keyboard
/dev/input/event9 : Video Bus
------------------------------------------------------------------------------
Selected devices matching ["dakai"]:
Failed to grab device 'dakai System Control' at '/dev/input/event7' due to: No such device (os error 19)
Failed to grab device 'dakai Keyboard' at '/dev/input/event8' due to: No such device (os error 19)
------------------------------------------------------------------------------
warning: No device was selected, but --watch is waiting for new devices.
------------------------------------------------------------------------------
/dev/input/event5 : dakai
Failed to grab device 'dakai' at '/dev/input/event5' due to: Resource busy (os error 16)
/dev/input/event6 : dakai Consumer Control
Failed to grab device 'dakai Consumer Control' at '/dev/input/event6' due to: Resource busy (os error 16)
/dev/input/event7 : dakai System Control
Failed to grab device 'dakai System Control' at '/dev/input/event7' due to: Resource busy (os error 16)
/dev/input/event8 : dakai Keyboard
Failed to grab device 'dakai Keyboard' at '/dev/input/event8' due to: Resource busy (os error 16)
Failed to grab device 'dakai System Control' at '/dev/input/event7' due to: Resource busy (os error 16)
Failed to grab device 'dakai' at '/dev/input/event5' due to: Resource busy (os error 16)
Failed to grab device 'dakai' at '/dev/input/event5' due to: Resource busy (os error 16)
Failed to grab device 'dakai Consumer Control' at '/dev/input/event6' due to: Resource busy (os error 16)
Failed to grab device 'dakai Keyboard' at '/dev/input/event8' due to: Resource busy (os error 16)
Selecting devices from the following list:
------------------------------------------------------------------------------
/dev/input/event0 : Power Button
/dev/input/event1 : Lid Switch
/dev/input/event10: PC Speaker
/dev/input/event11: ThinkPad Extra Buttons
/dev/input/event12: HD-Audio Generic HDMI/DP,pcm=3
/dev/input/event13: HD-Audio Generic HDMI/DP,pcm=7
/dev/input/event14: HD-Audio Generic HDMI/DP,pcm=8
/dev/input/event15: SynPS/2 Synaptics TouchPad
/dev/input/event16: TPPS/2 Elan TrackPoint
/dev/input/event17: HD-Audio Generic Mic
/dev/input/event18: HD-Audio Generic Headphone
/dev/input/event19: Integrated Camera: Integrated C
/dev/input/event2 : Sleep Button
/dev/input/event20: xremap pid=2671
/dev/input/event21: xremap pid=2670
/dev/input/event22: Compx 2.4G Receiver
/dev/input/event23: Compx 2.4G Receiver Mouse
/dev/input/event24: Compx 2.4G Receiver
/dev/input/event25: Compx 2.4G Receiver Consumer Control
/dev/input/event26: Compx 2.4G Receiver System Control
/dev/input/event3 : Power Button
/dev/input/event4 : AT Translated Set 2 keyboard
/dev/input/event5 : dakai
/dev/input/event6 : dakai Consumer Control
/dev/input/event7 : dakai System Control
/dev/input/event8 : dakai Keyboard
/dev/input/event9 : Video Bus
------------------------------------------------------------------------------
Selected keyboards automatically since --device options weren't specified:
Failed to grab device 'AT Translated Set 2 keyboard' at '/dev/input/event4' due to: Resource busy (os error 16)
Failed to grab device 'dakai' at '/dev/input/event5' due to: Resource busy (os error 16)
Failed to grab device 'dakai Keyboard' at '/dev/input/event8' due to: Resource busy (os error 16)
------------------------------------------------------------------------------
/dev/input/event22: Compx 2.4G Receiver
------------------------------------------------------------------------------
Selecting devices from the following list:
------------------------------------------------------------------------------
/dev/input/event0 : Power Button
/dev/input/event1 : Lid Switch
/dev/input/event10: Compx 2.4G Receiver Mouse
/dev/input/event11: Compx 2.4G Receiver
/dev/input/event12: Compx 2.4G Receiver Consumer Control
/dev/input/event13: Compx 2.4G Receiver System Control
/dev/input/event14: Video Bus
/dev/input/event15: PC Speaker
/dev/input/event16: ThinkPad Extra Buttons
/dev/input/event17: HD-Audio Generic HDMI/DP,pcm=3
/dev/input/event18: HD-Audio Generic HDMI/DP,pcm=7
/dev/input/event19: HD-Audio Generic HDMI/DP,pcm=8
/dev/input/event2 : Sleep Button
/dev/input/event20: SynPS/2 Synaptics TouchPad
/dev/input/event21: TPPS/2 Elan TrackPoint
/dev/input/event22: HD-Audio Generic Mic
/dev/input/event23: HD-Audio Generic Headphone
/dev/input/event24: Integrated Camera: Integrated C
/dev/input/event3 : Power Button
/dev/input/event4 : AT Translated Set 2 keyboard
/dev/input/event5 : dakai
/dev/input/event6 : dakai Consumer Control
/dev/input/event7 : dakai System Control
/dev/input/event8 : dakai Keyboard
/dev/input/event9 : Compx 2.4G Receiver
------------------------------------------------------------------------------
Selected keyboards automatically since --device options weren't specified:
------------------------------------------------------------------------------
/dev/input/event4 : AT Translated Set 2 keyboard
/dev/input/event5 : dakai
/dev/input/event8 : dakai Keyboard
/dev/input/event9 : Compx 2.4G Receiver
------------------------------------------------------------------------------
Selecting devices from the following list:
------------------------------------------------------------------------------
/dev/input/event0 : Power Button
/dev/input/event1 : Lid Switch
/dev/input/event10: Compx 2.4G Receiver Mouse
/dev/input/event11: Compx 2.4G Receiver
/dev/input/event12: Compx 2.4G Receiver Consumer Control
/dev/input/event13: Compx 2.4G Receiver System Control
/dev/input/event14: Video Bus
/dev/input/event15: PC Speaker
/dev/input/event16: ThinkPad Extra Buttons
/dev/input/event17: HD-Audio Generic HDMI/DP,pcm=3
/dev/input/event18: HD-Audio Generic HDMI/DP,pcm=7
/dev/input/event19: HD-Audio Generic HDMI/DP,pcm=8
/dev/input/event2 : Sleep Button
/dev/input/event20: SynPS/2 Synaptics TouchPad
/dev/input/event21: TPPS/2 Elan TrackPoint
/dev/input/event22: HD-Audio Generic Mic
/dev/input/event23: HD-Audio Generic Headphone
/dev/input/event24: Integrated Camera: Integrated C
/dev/input/event3 : Power Button
/dev/input/event4 : AT Translated Set 2 keyboard
/dev/input/event5 : dakai
/dev/input/event6 : dakai Consumer Control
/dev/input/event7 : dakai System Control
/dev/input/event8 : dakai Keyboard
/dev/input/event9 : Compx 2.4G Receiver
------------------------------------------------------------------------------
Selected devices matching ["AT Translated Set 2 keyboard"]:
Selecting devices from the following list:
------------------------------------------------------------------------------
/dev/input/event0 : Power Button
/dev/input/event1 : Lid Switch
/dev/input/event10: Compx 2.4G Receiver Mouse
/dev/input/event11: Compx 2.4G Receiver
/dev/input/event12: Compx 2.4G Receiver Consumer Control
/dev/input/event13: Compx 2.4G Receiver System Control
/dev/input/event14: Video Bus
/dev/input/event15: PC Speaker
/dev/input/event16: ThinkPad Extra Buttons
/dev/input/event17: HD-Audio Generic HDMI/DP,pcm=3
/dev/input/event18: HD-Audio Generic HDMI/DP,pcm=7
/dev/input/event19: HD-Audio Generic HDMI/DP,pcm=8
/dev/input/event2 : Sleep Button
/dev/input/event20: SynPS/2 Synaptics TouchPad
/dev/input/event21: TPPS/2 Elan TrackPoint
/dev/input/event22: HD-Audio Generic Mic
/dev/input/event23: HD-Audio Generic Headphone
/dev/input/event24: Integrated Camera: Integrated C
/dev/input/event3 : Power Button
/dev/input/event4 : AT Translated Set 2 keyboard
/dev/input/event5 : dakai
/dev/input/event6 : dakai Consumer Control
/dev/input/event7 : dakai System Control
/dev/input/event8 : dakai Keyboard
/dev/input/event9 : Compx 2.4G Receiver
------------------------------------------------------------------------------
Selected devices matching ["dakai"]:
------------------------------------------------------------------------------
/dev/input/event4 : AT Translated Set 2 keyboard
------------------------------------------------------------------------------
------------------------------------------------------------------------------
/dev/input/event5 : dakai
/dev/input/event6 : dakai Consumer Control
/dev/input/event7 : dakai System Control
/dev/input/event8 : dakai Keyboard
------------------------------------------------------------------------------
Selecting devices from the following list:
------------------------------------------------------------------------------
/dev/input/event0 : Power Button
/dev/input/event1 : Lid Switch
/dev/input/event10: Compx 2.4G Receiver Mouse
/dev/input/event11: Compx 2.4G Receiver
Selecting devices from the following list:
/dev/input/event12: Compx 2.4G Receiver Consumer Control
/dev/input/event13: Compx 2.4G Receiver System Control
------------------------------------------------------------------------------
/dev/input/event14: Video Bus
/dev/input/event15: ThinkPad Extra Buttons
/dev/input/event0 : Power Button
/dev/input/event16: PC Speaker
/dev/input/event1 : Lid Switch
/dev/input/event17: HD-Audio Generic HDMI/DP,pcm=3
/dev/input/event10: Compx 2.4G Receiver Mouse
/dev/input/event18: HD-Audio Generic HDMI/DP,pcm=7
/dev/input/event11: Compx 2.4G Receiver
/dev/input/event19: HD-Audio Generic HDMI/DP,pcm=8
/dev/input/event12: Compx 2.4G Receiver Consumer Control
/dev/input/event2 : Sleep Button
/dev/input/event13: Compx 2.4G Receiver System Control
/dev/input/event20: HD-Audio Generic Mic
/dev/input/event14: Video Bus
/dev/input/event21: HD-Audio Generic Headphone
/dev/input/event15: ThinkPad Extra Buttons
/dev/input/event22: SynPS/2 Synaptics TouchPad
/dev/input/event16: PC Speaker
/dev/input/event23: TPPS/2 Elan TrackPoint
/dev/input/event17: HD-Audio Generic HDMI/DP,pcm=3
/dev/input/event24: Integrated Camera: Integrated C
/dev/input/event18: HD-Audio Generic HDMI/DP,pcm=7
/dev/input/event3 : Power Button
/dev/input/event19: HD-Audio Generic HDMI/DP,pcm=8
/dev/input/event4 : AT Translated Set 2 keyboard
/dev/input/event2 : Sleep Button
/dev/input/event5 : dakai
/dev/input/event20: HD-Audio Generic Mic
/dev/input/event6 : dakai Consumer Control
/dev/input/event21: HD-Audio Generic Headphone
/dev/input/event7 : dakai System Control
/dev/input/event22: SynPS/2 Synaptics TouchPad
/dev/input/event8 : dakai Keyboard
/dev/input/event23: TPPS/2 Elan TrackPoint
/dev/input/event9 : Compx 2.4G Receiver
/dev/input/event24: Integrated Camera: Integrated C
------------------------------------------------------------------------------
/dev/input/event3 : Power Button
/dev/input/event4 : AT Translated Set 2 keyboard
/dev/input/event5 : dakai
/dev/input/event6 : dakai Consumer Control
/dev/input/event7 : dakai System Control
/dev/input/event8 : dakai Keyboard
/dev/input/event9 : Compx 2.4G Receiver
------------------------------------------------------------------------------
Selected devices matching ["AT Translated Set 2 keyboard"]:
Selected devices matching ["dakai"]:
------------------------------------------------------------------------------
/dev/input/event5 : dakai
/dev/input/event6 : dakai Consumer Control
/dev/input/event7 : dakai System Control
/dev/input/event8 : dakai Keyboard
------------------------------------------------------------------------------
------------------------------------------------------------------------------
/dev/input/event4 : AT Translated Set 2 keyboard
------------------------------------------------------------------------------
Selecting devices from the following list:
------------------------------------------------------------------------------
/dev/input/event0 : Power Button
/dev/input/event1 : Lid Switch
/dev/input/event10: Video Bus
/dev/input/event11: ThinkPad Extra Buttons
/dev/input/event12: PC Speaker
/dev/input/event13: HD-Audio Generic HDMI/DP,pcm=3
/dev/input/event14: HD-Audio Generic HDMI/DP,pcm=7
/dev/input/event15: HD-Audio Generic HDMI/DP,pcm=8
/dev/input/event16: HD-Audio Generic Mic
/dev/input/event17: HD-Audio Generic Headphone
/dev/input/event18: SynPS/2 Synaptics TouchPad
/dev/input/event19: TPPS/2 Elan TrackPoint
/dev/input/event2 : Sleep Button
/dev/input/event20: Integrated Camera: Integrated C
/dev/input/event3 : Power Button
/dev/input/event4 : AT Translated Set 2 keyboard
/dev/input/event5 : Compx 2.4G Receiver
/dev/input/event6 : Compx 2.4G Receiver Mouse
/dev/input/event7 : Compx 2.4G Receiver
/dev/input/event8 : Compx 2.4G Receiver Consumer Control
/dev/input/event9 : Compx 2.4G Receiver System Control
------------------------------------------------------------------------------
Selected keyboards automatically since --device options weren't specified:
------------------------------------------------------------------------------
/dev/input/event4 : AT Translated Set 2 keyboard
/dev/input/event5 : Compx 2.4G Receiver
------------------------------------------------------------------------------
Selecting devices from the following list:
------------------------------------------------------------------------------
/dev/input/event0 : Power Button
/dev/input/event1 : Lid Switch
/dev/input/event10: Compx 2.4G Receiver Mouse
/dev/input/event11: Compx 2.4G Receiver
/dev/input/event12: Compx 2.4G Receiver Consumer Control
/dev/input/event13: Compx 2.4G Receiver System Control
/dev/input/event14: Video Bus
/dev/input/event15: PC Speaker
/dev/input/event16: ThinkPad Extra Buttons
/dev/input/event17: HD-Audio Generic HDMI/DP,pcm=3
/dev/input/event18: HD-Audio Generic HDMI/DP,pcm=7
/dev/input/event19: HD-Audio Generic HDMI/DP,pcm=8
/dev/input/event2 : Sleep Button
/dev/input/event20: HD-Audio Generic Mic
/dev/input/event21: HD-Audio Generic Headphone
/dev/input/event22: SynPS/2 Synaptics TouchPad
/dev/input/event23: TPPS/2 Elan TrackPoint
/dev/input/event24: Integrated Camera: Integrated C
/dev/input/event3 : Power Button
/dev/input/event4 : AT Translated Set 2 keyboard
/dev/input/event5 : dakai
/dev/input/event6 : dakai Consumer Control
/dev/input/event7 : dakai System Control
/dev/input/event8 : dakai Keyboard
/dev/input/event9 : Compx 2.4G Receiver
------------------------------------------------------------------------------
Selected devices matching ["AT Translated Set 2 keyboard"]:
Selecting devices from the following list:
------------------------------------------------------------------------------
/dev/input/event0 : Power Button
/dev/input/event1 : Lid Switch
/dev/input/event10: Compx 2.4G Receiver Mouse
/dev/input/event11: Compx 2.4G Receiver
/dev/input/event12: Compx 2.4G Receiver Consumer Control
/dev/input/event13: Compx 2.4G Receiver System Control
/dev/input/event14: Video Bus
/dev/input/event15: PC Speaker
/dev/input/event16: ThinkPad Extra Buttons
/dev/input/event17: HD-Audio Generic HDMI/DP,pcm=3
/dev/input/event18: HD-Audio Generic HDMI/DP,pcm=7
/dev/input/event19: HD-Audio Generic HDMI/DP,pcm=8
/dev/input/event2 : Sleep Button
/dev/input/event20: HD-Audio Generic Mic
/dev/input/event21: HD-Audio Generic Headphone
/dev/input/event22: SynPS/2 Synaptics TouchPad
/dev/input/event23: TPPS/2 Elan TrackPoint
/dev/input/event24: Integrated Camera: Integrated C
/dev/input/event3 : Power Button
/dev/input/event4 : AT Translated Set 2 keyboard
/dev/input/event5 : dakai
/dev/input/event6 : dakai Consumer Control
/dev/input/event7 : dakai System Control
/dev/input/event8 : dakai Keyboard
/dev/input/event9 : Compx 2.4G Receiver
------------------------------------------------------------------------------
Selected devices matching ["dakai"]:
------------------------------------------------------------------------------
/dev/input/event5 : dakai
/dev/input/event6 : dakai Consumer Control
/dev/input/event7 : dakai System Control
/dev/input/event8 : dakai Keyboard
------------------------------------------------------------------------------
------------------------------------------------------------------------------
/dev/input/event4 : AT Translated Set 2 keyboard
------------------------------------------------------------------------------
Found a removed device. Reselecting devices.
Failed to ungrab device 'dakai' at '/dev/input/event5' due to: No such device (os error 19)
Selecting devices from the following list:
------------------------------------------------------------------------------
/dev/input/event0 : Power Button
/dev/input/event1 : Lid Switch
/dev/input/event10: Compx 2.4G Receiver Mouse
/dev/input/event11: Compx 2.4G Receiver
/dev/input/event12: Compx 2.4G Receiver Consumer Control
/dev/input/event13: Compx 2.4G Receiver System Control
/dev/input/event14: Video Bus
/dev/input/event15: PC Speaker
/dev/input/event16: ThinkPad Extra Buttons
/dev/input/event17: HD-Audio Generic HDMI/DP,pcm=3
/dev/input/event18: HD-Audio Generic HDMI/DP,pcm=7
/dev/input/event19: HD-Audio Generic HDMI/DP,pcm=8
/dev/input/event2 : Sleep Button
/dev/input/event20: HD-Audio Generic Mic
/dev/input/event21: HD-Audio Generic Headphone
/dev/input/event22: SynPS/2 Synaptics TouchPad
/dev/input/event23: TPPS/2 Elan TrackPoint
/dev/input/event24: Integrated Camera: Integrated C
/dev/input/event25: xremap pid=2337
/dev/input/event26: xremap pid=2336
/dev/input/event3 : Power Button
/dev/input/event4 : AT Translated Set 2 keyboard
/dev/input/event8 : dakai Keyboard
/dev/input/event9 : Compx 2.4G Receiver
------------------------------------------------------------------------------
Selected devices matching ["dakai"]:
Failed to grab device 'dakai Keyboard' at '/dev/input/event8' due to: No such device (os error 19)
------------------------------------------------------------------------------
warning: No device was selected, but --watch is waiting for new devices.
------------------------------------------------------------------------------
/dev/input/event5 : dakai
Failed to grab device 'dakai' at '/dev/input/event5' due to: Resource busy (os error 16)
/dev/input/event6 : dakai Consumer Control
Failed to grab device 'dakai Consumer Control' at '/dev/input/event6' due to: Resource busy (os error 16)
/dev/input/event7 : dakai System Control
Failed to grab device 'dakai System Control' at '/dev/input/event7' due to: Resource busy (os error 16)
/dev/input/event8 : dakai Keyboard
Failed to grab device 'dakai Keyboard' at '/dev/input/event8' due to: Resource busy (os error 16)
Failed to grab device 'dakai System Control' at '/dev/input/event7' due to: Resource busy (os error 16)
Failed to grab device 'dakai Keyboard' at '/dev/input/event8' due to: Resource busy (os error 16)
Failed to grab device 'dakai Keyboard' at '/dev/input/event8' due to: Resource busy (os error 16)
Failed to grab device 'dakai' at '/dev/input/event5' due to: Resource busy (os error 16)
Failed to grab device 'dakai Consumer Control' at '/dev/input/event6' due to: Resource busy (os error 16)
Selecting devices from the following list:
Selecting devices from the following list:
------------------------------------------------------------------------------
------------------------------------------------------------------------------
/dev/input/event0 : Power Button
/dev/input/event0 : Power Button
/dev/input/event1 : Lid Switch
/dev/input/event1 : Lid Switch
/dev/input/event10: Compx 2.4G Receiver Mouse
/dev/input/event10: Compx 2.4G Receiver Mouse
/dev/input/event11: Compx 2.4G Receiver
/dev/input/event11: Compx 2.4G Receiver
/dev/input/event12: Compx 2.4G Receiver Consumer Control
/dev/input/event12: Compx 2.4G Receiver Consumer Control
/dev/input/event13: Compx 2.4G Receiver System Control
/dev/input/event13: Compx 2.4G Receiver System Control
/dev/input/event14: Video Bus
/dev/input/event14: Video Bus
/dev/input/event15: PC Speaker
/dev/input/event15: PC Speaker
/dev/input/event16: ThinkPad Extra Buttons
/dev/input/event16: ThinkPad Extra Buttons
/dev/input/event17: SynPS/2 Synaptics TouchPad
/dev/input/event17: SynPS/2 Synaptics TouchPad
/dev/input/event18: TPPS/2 Elan TrackPoint
/dev/input/event18: TPPS/2 Elan TrackPoint
/dev/input/event19: HD-Audio Generic HDMI/DP,pcm=3
/dev/input/event19: HD-Audio Generic HDMI/DP,pcm=3
/dev/input/event2 : Sleep Button
/dev/input/event2 : Sleep Button
/dev/input/event20: HD-Audio Generic HDMI/DP,pcm=7
/dev/input/event20: HD-Audio Generic HDMI/DP,pcm=7
/dev/input/event21: HD-Audio Generic HDMI/DP,pcm=8
/dev/input/event21: HD-Audio Generic HDMI/DP,pcm=8
/dev/input/event22: HD-Audio Generic Mic
/dev/input/event22: HD-Audio Generic Mic
/dev/input/event23: HD-Audio Generic Headphone
/dev/input/event23: HD-Audio Generic Headphone
/dev/input/event24: Integrated Camera: Integrated C
/dev/input/event24: Integrated Camera: Integrated C
/dev/input/event3 : Power Button
/dev/input/event3 : Power Button
/dev/input/event4 : AT Translated Set 2 keyboard
/dev/input/event4 : AT Translated Set 2 keyboard
/dev/input/event5 : dakai
/dev/input/event5 : dakai
/dev/input/event6 : dakai Consumer Control
/dev/input/event6 : dakai Consumer Control
/dev/input/event7 : dakai System Control
/dev/input/event7 : dakai System Control
/dev/input/event8 : dakai Keyboard
/dev/input/event8 : dakai Keyboard
/dev/input/event9 : Compx 2.4G Receiver
/dev/input/event9 : Compx 2.4G Receiver
------------------------------------------------------------------------------
------------------------------------------------------------------------------
Selected devices matching ["dakai"]:
Selected devices matching ["AT Translated Set 2 keyboard"]:
------------------------------------------------------------------------------
/dev/input/event4 : AT Translated Set 2 keyboard
------------------------------------------------------------------------------
------------------------------------------------------------------------------
/dev/input/event5 : dakai
/dev/input/event6 : dakai Consumer Control
/dev/input/event7 : dakai System Control
/dev/input/event8 : dakai Keyboard
------------------------------------------------------------------------------
Found a removed device. Reselecting devices.
Failed to ungrab device 'dakai' at '/dev/input/event5' due to: No such device (os error 19)
Selecting devices from the following list:
------------------------------------------------------------------------------
/dev/input/event0 : Power Button
/dev/input/event1 : Lid Switch
/dev/input/event10: Compx 2.4G Receiver Mouse
/dev/input/event11: Compx 2.4G Receiver
/dev/input/event12: Compx 2.4G Receiver Consumer Control
/dev/input/event13: Compx 2.4G Receiver System Control
/dev/input/event14: Video Bus
/dev/input/event15: PC Speaker
/dev/input/event16: ThinkPad Extra Buttons
/dev/input/event17: SynPS/2 Synaptics TouchPad
/dev/input/event18: TPPS/2 Elan TrackPoint
/dev/input/event19: HD-Audio Generic HDMI/DP,pcm=3
/dev/input/event2 : Sleep Button
/dev/input/event20: HD-Audio Generic HDMI/DP,pcm=7
/dev/input/event21: HD-Audio Generic HDMI/DP,pcm=8
/dev/input/event22: HD-Audio Generic Mic
/dev/input/event23: HD-Audio Generic Headphone
/dev/input/event24: Integrated Camera: Integrated C
/dev/input/event25: xremap pid=1893
/dev/input/event26: xremap pid=1892
/dev/input/event3 : Power Button
/dev/input/event4 : AT Translated Set 2 keyboard
/dev/input/event8 : dakai Keyboard
/dev/input/event9 : Compx 2.4G Receiver
------------------------------------------------------------------------------
Selected devices matching ["dakai"]:
Failed to grab device 'dakai Keyboard' at '/dev/input/event8' due to: No such device (os error 19)
------------------------------------------------------------------------------
warning: No device was selected, but --watch is waiting for new devices.
------------------------------------------------------------------------------
/dev/input/event5 : dakai
Failed to grab device 'dakai' at '/dev/input/event5' due to: Resource busy (os error 16)
/dev/input/event6 : dakai Consumer Control
Failed to grab device 'dakai Consumer Control' at '/dev/input/event6' due to: Resource busy (os error 16)
/dev/input/event7 : dakai System Control
Failed to grab device 'dakai System Control' at '/dev/input/event7' due to: Resource busy (os error 16)
/dev/input/event8 : dakai Keyboard
Failed to grab device 'dakai Keyboard' at '/dev/input/event8' due to: Resource busy (os error 16)
Failed to grab device 'dakai System Control' at '/dev/input/event7' due to: Resource busy (os error 16)
Failed to grab device 'dakai System Control' at '/dev/input/event7' due to: Resource busy (os error 16)
Failed to grab device 'dakai' at '/dev/input/event5' due to: Resource busy (os error 16)
Failed to grab device 'dakai Keyboard' at '/dev/input/event8' due to: Resource busy (os error 16)
Failed to grab device 'dakai Consumer Control' at '/dev/input/event6' due to: Resource busy (os error 16)
Failed to grab device 'dakai Keyboard' at '/dev/input/event8' due to: Resource busy (os error 16)
Failed to grab device 'dakai Consumer Control' at '/dev/input/event6' due to: Resource busy (os error 16)
Found a removed device. Reselecting devices.
Failed to ungrab device 'dakai' at '/dev/input/event5' due to: No such device (os error 19)
Selecting devices from the following list:
------------------------------------------------------------------------------
/dev/input/event0 : Power Button
/dev/input/event1 : Lid Switch
/dev/input/event10: Compx 2.4G Receiver Mouse
/dev/input/event11: Compx 2.4G Receiver
/dev/input/event12: Compx 2.4G Receiver Consumer Control
/dev/input/event13: Compx 2.4G Receiver System Control
/dev/input/event14: Video Bus
/dev/input/event15: PC Speaker
/dev/input/event16: ThinkPad Extra Buttons
/dev/input/event17: SynPS/2 Synaptics TouchPad
/dev/input/event18: TPPS/2 Elan TrackPoint
/dev/input/event19: HD-Audio Generic HDMI/DP,pcm=3
/dev/input/event2 : Sleep Button
/dev/input/event20: HD-Audio Generic HDMI/DP,pcm=7
/dev/input/event21: HD-Audio Generic HDMI/DP,pcm=8
/dev/input/event22: HD-Audio Generic Mic
/dev/input/event23: HD-Audio Generic Headphone
/dev/input/event24: Integrated Camera: Integrated C
/dev/input/event25: xremap pid=1893
/dev/input/event26: xremap pid=1892
/dev/input/event3 : Power Button
/dev/input/event4 : AT Translated Set 2 keyboard
/dev/input/event8 : dakai Keyboard
/dev/input/event9 : Compx 2.4G Receiver
------------------------------------------------------------------------------
Selected devices matching ["dakai"]:
Failed to grab device 'dakai Keyboard' at '/dev/input/event8' due to: No such device (os error 19)
------------------------------------------------------------------------------
warning: No device was selected, but --watch is waiting for new devices.
------------------------------------------------------------------------------
Selecting devices from the following list:
------------------------------------------------------------------------------
Selecting devices from the following list:
/dev/input/event0 : Power Button
------------------------------------------------------------------------------
/dev/input/event1 : Lid Switch
/dev/input/event0 : Power Button
/dev/input/event10: Compx 2.4G Receiver Mouse
/dev/input/event1 : Lid Switch
/dev/input/event11: Compx 2.4G Receiver
/dev/input/event10: Compx 2.4G Receiver Mouse
/dev/input/event12: Compx 2.4G Receiver Consumer Control
/dev/input/event11: Compx 2.4G Receiver
/dev/input/event13: Compx 2.4G Receiver System Control
/dev/input/event12: Compx 2.4G Receiver Consumer Control
/dev/input/event14: Video Bus
/dev/input/event13: Compx 2.4G Receiver System Control
/dev/input/event15: ThinkPad Extra Buttons
/dev/input/event14: Video Bus
/dev/input/event16: PC Speaker
/dev/input/event15: ThinkPad Extra Buttons
/dev/input/event17: HD-Audio Generic HDMI/DP,pcm=3
/dev/input/event16: PC Speaker
/dev/input/event18: HD-Audio Generic HDMI/DP,pcm=7
/dev/input/event17: HD-Audio Generic HDMI/DP,pcm=3
/dev/input/event19: HD-Audio Generic HDMI/DP,pcm=8
/dev/input/event18: HD-Audio Generic HDMI/DP,pcm=7
/dev/input/event2 : Sleep Button
/dev/input/event19: HD-Audio Generic HDMI/DP,pcm=8
/dev/input/event20: SynPS/2 Synaptics TouchPad
/dev/input/event2 : Sleep Button
/dev/input/event21: TPPS/2 Elan TrackPoint
/dev/input/event20: SynPS/2 Synaptics TouchPad
/dev/input/event22: HD-Audio Generic Mic
/dev/input/event21: TPPS/2 Elan TrackPoint
/dev/input/event23: HD-Audio Generic Headphone
/dev/input/event22: HD-Audio Generic Mic
/dev/input/event24: Integrated Camera: Integrated C
/dev/input/event23: HD-Audio Generic Headphone
/dev/input/event3 : Power Button
/dev/input/event24: Integrated Camera: Integrated C
/dev/input/event4 : AT Translated Set 2 keyboard
/dev/input/event3 : Power Button
/dev/input/event5 : dakai
/dev/input/event4 : AT Translated Set 2 keyboard
/dev/input/event6 : dakai Consumer Control
/dev/input/event5 : dakai
/dev/input/event7 : dakai System Control
/dev/input/event6 : dakai Consumer Control
/dev/input/event8 : dakai Keyboard
/dev/input/event7 : dakai System Control
/dev/input/event9 : Compx 2.4G Receiver
/dev/input/event8 : dakai Keyboard
------------------------------------------------------------------------------
/dev/input/event9 : Compx 2.4G Receiver
------------------------------------------------------------------------------
Selected devices matching ["AT Translated Set 2 keyboard"]:
Selected devices matching ["dakai"]:
------------------------------------------------------------------------------
/dev/input/event5 : dakai
/dev/input/event6 : dakai Consumer Control
/dev/input/event7 : dakai System Control
/dev/input/event8 : dakai Keyboard
------------------------------------------------------------------------------
------------------------------------------------------------------------------
/dev/input/event4 : AT Translated Set 2 keyboard
------------------------------------------------------------------------------
Found a removed device. Reselecting devices.
Failed to ungrab device 'dakai' at '/dev/input/event5' due to: No such device (os error 19)
Selecting devices from the following list:
------------------------------------------------------------------------------
/dev/input/event0 : Power Button
/dev/input/event1 : Lid Switch
/dev/input/event14: Video Bus
/dev/input/event15: ThinkPad Extra Buttons
/dev/input/event16: PC Speaker
/dev/input/event17: HD-Audio Generic HDMI/DP,pcm=3
/dev/input/event18: HD-Audio Generic HDMI/DP,pcm=7
/dev/input/event19: HD-Audio Generic HDMI/DP,pcm=8
/dev/input/event2 : Sleep Button
/dev/input/event20: SynPS/2 Synaptics TouchPad
/dev/input/event21: TPPS/2 Elan TrackPoint
/dev/input/event22: HD-Audio Generic Mic
/dev/input/event23: HD-Audio Generic Headphone
/dev/input/event24: Integrated Camera: Integrated C
/dev/input/event25: xremap pid=2336
/dev/input/event26: xremap pid=2337
/dev/input/event3 : Power Button
/dev/input/event4 : AT Translated Set 2 keyboard
/dev/input/event7 : dakai System Control
/dev/input/event8 : dakai Keyboard
------------------------------------------------------------------------------
Selected devices matching ["dakai"]:
Failed to grab device 'dakai System Control' at '/dev/input/event7' due to: No such device (os error 19)
Failed to grab device 'dakai Keyboard' at '/dev/input/event8' due to: No such device (os error 19)
------------------------------------------------------------------------------
warning: No device was selected, but --watch is waiting for new devices.
------------------------------------------------------------------------------
Selecting devices from the following list:
------------------------------------------------------------------------------
/dev/input/event0 : Power Button
/dev/input/event1 : Lid Switch
/dev/input/event10: HD-Audio Generic HDMI/DP,pcm=3
/dev/input/event11: HD-Audio Generic HDMI/DP,pcm=7
/dev/input/event12: HD-Audio Generic HDMI/DP,pcm=8
/dev/input/event13: HD-Audio Generic Mic
/dev/input/event14: HD-Audio Generic Headphone
/dev/input/event15: Integrated Camera: Integrated C
/dev/input/event2 : Sleep Button
/dev/input/event3 : Power Button
/dev/input/event4 : AT Translated Set 2 keyboard
/dev/input/event5 : Video Bus
/dev/input/event6 : PC Speaker
/dev/input/event7 : ThinkPad Extra Buttons
/dev/input/event8 : SynPS/2 Synaptics TouchPad
/dev/input/event9 : TPPS/2 Elan TrackPoint
------------------------------------------------------------------------------
Selected keyboards automatically since --device options weren't specified:
------------------------------------------------------------------------------
/dev/input/event4 : AT Translated Set 2 keyboard
------------------------------------------------------------------------------
Selecting devices from the following list:
------------------------------------------------------------------------------
/dev/input/event0 : Power Button
/dev/input/event1 : Lid Switch
/dev/input/event10: HD-Audio Generic HDMI/DP,pcm=3
/dev/input/event11: HD-Audio Generic HDMI/DP,pcm=7
/dev/input/event12: HD-Audio Generic HDMI/DP,pcm=8
/dev/input/event13: HD-Audio Generic Mic
/dev/input/event14: HD-Audio Generic Headphone
/dev/input/event15: Integrated Camera: Integrated C
/dev/input/event2 : Sleep Button
/dev/input/event3 : Power Button
/dev/input/event4 : AT Translated Set 2 keyboard
/dev/input/event5 : Video Bus
/dev/input/event6 : PC Speaker
/dev/input/event7 : ThinkPad Extra Buttons
/dev/input/event8 : SynPS/2 Synaptics TouchPad
/dev/input/event9 : TPPS/2 Elan TrackPoint
------------------------------------------------------------------------------
Selected keyboards automatically since --device options weren't specified:
------------------------------------------------------------------------------
/dev/input/event4 : AT Translated Set 2 keyboard
------------------------------------------------------------------------------
Selecting devices from the following list:
------------------------------------------------------------------------------
/dev/input/event0 : Power Button
/dev/input/event1 : Lid Switch
/dev/input/event10: COMPANY 2.4G Device Keyboard
/dev/input/event11: COMPANY 2.4G Device
/dev/input/event12: Video Bus
/dev/input/event13: PC Speaker
/dev/input/event14: ThinkPad Extra Buttons
/dev/input/event15: HD-Audio Generic HDMI/DP,pcm=3
/dev/input/event16: HD-Audio Generic HDMI/DP,pcm=7
/dev/input/event17: HD-Audio Generic HDMI/DP,pcm=8
/dev/input/event18: HD-Audio Generic Mic
/dev/input/event19: HD-Audio Generic Headphone
/dev/input/event2 : Sleep Button
/dev/input/event20: SynPS/2 Synaptics TouchPad
/dev/input/event21: Integrated Camera: Integrated C
/dev/input/event3 : Power Button
/dev/input/event4 : AT Translated Set 2 keyboard
/dev/input/event5 : SEMICO USB Keyboard
/dev/input/event6 : SEMICO USB Keyboard Consumer Control
/dev/input/event7 : SEMICO USB Keyboard System Control
/dev/input/event8 : COMPANY 2.4G Device
/dev/input/event9 : COMPANY 2.4G Device Mouse
------------------------------------------------------------------------------
Selected keyboards automatically since --device options weren't specified:
------------------------------------------------------------------------------
/dev/input/event10: COMPANY 2.4G Device Keyboard
/dev/input/event4 : AT Translated Set 2 keyboard
/dev/input/event5 : SEMICO USB Keyboard
/dev/input/event8 : COMPANY 2.4G Device
------------------------------------------------------------------------------
